<?xml version="1.0" encoding="UTF-8"?>
<!-- Generated by org.testng.reporters.JUnitReportReporter -->
<testsuite hostname="Luda-PC" failures="0" tests="2" name="academy.SanityTest" time="8.649" errors="0" timestamp="22 Jan 2019 17:45:21 GMT">
  <testcase classname="academy.SanityTest" name="navigateHomePage" time="8.548"/>
  <testcase classname="academy.SanityTest" name="storeData" time="0.101"/>
</testsuite> <!-- academy.SanityTest -->
