<?xml version="1.0" encoding="UTF-8"?>
<!-- Generated by org.testng.reporters.JUnitReportReporter -->
<testsuite hostname="Luda-PC" failures="0" tests="1" name="academy.CountNavBarLinks" time="30.106" errors="0" timestamp="17 Jan 2019 00:11:23 GMT">
  <testcase classname="academy.CountNavBarLinks" name="countLinks" time="30.106"/>
</testsuite> <!-- academy.CountNavBarLinks -->
