<?xml version="1.0" encoding="UTF-8"?>
<!-- Generated by org.testng.reporters.JUnitReportReporter -->
<testsuite hostname="Luda-PC" failures="0" tests="2" name="academy.SanityTest" time="5.495" errors="0" timestamp="25 Mar 2019 23:21:15 GMT">
  <testcase classname="academy.SanityTest" name="navigateHomePage" time="5.480"/>
  <testcase classname="academy.SanityTest" name="storeData" time="0.015"/>
</testsuite> <!-- academy.SanityTest -->
