<?xml version="1.0" encoding="UTF-8"?>
<!-- Generated by org.testng.reporters.JUnitReportReporter -->
<testsuite hostname="DESKTOP-SLUED5U" name="academy.SanityTest" tests="2" failures="0" timestamp="25 Mar 2019 23:17:21 GMT" time="4.269" errors="0">
  <testcase name="navigateHomePage" time="4.263" classname="academy.SanityTest"/>
  <testcase name="storeData" time="0.006" classname="academy.SanityTest"/>
</testsuite> <!-- academy.SanityTest -->
