<?xml version="1.0" encoding="UTF-8"?>
<!-- Generated by org.testng.reporters.JUnitReportReporter -->
<testsuite hostname="Luda-PC" failures="0" tests="1" name="academy.JavaDbcTesting" time="2.030" errors="0" timestamp="16 Jan 2019 17:41:43 GMT">
  <testcase classname="academy.JavaDbcTesting" name="testJdbcConnection" time="2.030"/>
</testsuite> <!-- academy.JavaDbcTesting -->
